<?xml version="1.0" encoding="UTF-8"?>
<!-- Generated by org.testng.reporters.JUnitReportReporter -->
<testsuite hostname="LAPTOP-6A97OBMG" failures="0" tests="1" name="loginTests.SeleniumDev" time="1.738" errors="0" timestamp="13 Oct 2021 09:44:31 GMT" skipped="0">
  <testcase classname="loginTests.SeleniumDev" name="titleTest" time="1.738"/>
</testsuite> <!-- loginTests.SeleniumDev -->
