<?xml version="1.0" encoding="UTF-8"?>
<!-- Generated by org.testng.reporters.JUnitReportReporter -->
<testsuite skipped="0" hostname="LAPTOP-6A97OBMG" name="loginTests.AppTest" tests="2" failures="0" timestamp="13 Oct 2021 12:23:58 GMT" time="0.011" errors="0">
  <testcase name="invalidLoginTest" time="0.011" classname="loginTests.AppTest"/>
  <testcase name="validLoginTest" time="0.000" classname="loginTests.AppTest"/>
</testsuite> <!-- loginTests.AppTest -->
